<?xml version="1.0" encoding="UTF-8"?>
<testsuite xmlns:xsi="http://www.w3.org/2001/XMLSchema-instance" xsi:noNamespaceSchemaLocation="https://maven.apache.org/surefire/maven-surefire-plugin/xsd/surefire-test-report.xsd" version="3.0.2" name="com.aiexpensetracker.AiExpenseTrackerApplicationTests" time="2.482" tests="1" errors="0" skipped="0" failures="0">
  <properties>
[...]
</properties>
  <testcase name="contextLoads" classname="com.aiexpensetracker.AiExpenseTrackerApplicationTests" time="0.326">
    <system-out><![CDATA[21:13:31.937 [main] INFO org.springframework.test.context.support.AnnotationConfigContextLoaderUtils -- Could not detect default configuration classes for test class [com.aiexpensetracker.AiExpenseTrackerApplicationTests]: AiExpenseTrackerApplicationTests does not declare any static, non-private, non-final, nested classes annotated with @Configuration.
21:13:31.986 [main] INFO org.springframework.boot.test.context.SpringBootTestContextBootstrapper -- Found @SpringBootConfiguration com.aiexpensetracker.AiExpenseTrackerApplication for test class com.aiexpensetracker.AiExpenseTrackerApplicationTests
21:13:32.053 [main] INFO org.springframework.boot.devtools.restart.RestartApplicationListener -- Restart disabled due to context in which it is running

  .   ____          _            __ _ _
 /\\ / ___'_ __ _ _(_)_ __  __ _ \ \ \ \
( ( )\___ | '_ | '_| | '_ \/ _` | \ \ \ \
 \\/  ___)| |_)| | | | | || (_| |  ) ) ) )
  '  |____| .__|_| |_|_| |_\__, | / / / /
 =========|_|==============|___/=/_/_/_/

 :: Spring Boot ::                (v3.5.4)

2026-06-14 21:13:32.230 | DEBUG |  | org.jboss.logging | Logging Provider: org.jboss.logging.Slf4jLoggerProvider found via system property
2026-06-14 21:13:32.240 | INFO  |  | c.a.AiExpenseTrackerApplicationTests | Starting AiExpenseTrackerApplicationTests using Java 21.0.3 with PID 74679 (started by ajaysingh in /Users/ajaysingh/Developer/ai-expense-tracker)
2026-06-14 21:13:32.240 | DEBUG |  | c.a.AiExpenseTrackerApplicationTests | Running with Spring Boot v3.5.4, Spring v6.2.9
2026-06-14 21:13:32.241 | INFO  |  | c.a.AiExpenseTrackerApplicationTests | The following 1 profile is active: "dev"
2026-06-14 21:13:32.686 | INFO  |  | o.s.d.r.c.RepositoryConfigurationDelegate | Bootstrapping Spring Data JPA repositories in DEFAULT mode.
2026-06-14 21:13:32.695 | INFO  |  | o.s.d.r.c.RepositoryConfigurationDelegate | Finished Spring Data repository scanning in 4 ms. Found 0 JPA repository interfaces.
2026-06-14 21:13:32.851 | DEBUG |  | com.zaxxer.hikari.HikariConfig | Class org.postgresql.Driver found in Thread context class loader jdk.internal.loader.ClassLoaders$AppClassLoader@1cf4f579
2026-06-14 21:13:32.916 | DEBUG |  | o.f.c.i.s.classpath.ClassPathScanner | Scanning for classpath resources at 'classpath:db/callback' ...
2026-06-14 21:13:32.917 | DEBUG |  | o.f.c.i.s.classpath.ClassPathScanner | Determining location urls for classpath:db/callback using ClassLoader jdk.internal.loader.ClassLoaders$AppClassLoader@1cf4f579 ...
2026-06-14 21:13:32.917 | DEBUG |  | o.f.c.i.s.classpath.ClassPathScanner | Unable to resolve location classpath:db/callback.
2026-06-14 21:13:32.917 | DEBUG |  | o.f.c.i.s.classpath.ClassPathScanner | Scanning for classpath resources at 'classpath:db/migration' ...
2026-06-14 21:13:32.917 | DEBUG |  | o.f.c.i.s.classpath.ClassPathScanner | Determining location urls for classpath:db/migration using ClassLoader jdk.internal.loader.ClassLoaders$AppClassLoader@1cf4f579 ...
2026-06-14 21:13:32.917 | DEBUG |  | o.f.c.i.s.classpath.ClassPathScanner | Unable to resolve location classpath:db/migration.
2026-06-14 21:13:32.917 | DEBUG |  | o.f.c.i.s.classpath.ClassPathScanner | Scanning for classes at classpath:db/migration
2026-06-14 21:13:32.918 | DEBUG |  | com.zaxxer.hikari.HikariConfig | HikariPool-1 - configuration:
2026-06-14 21:13:32.919 | DEBUG |  | com.zaxxer.hikari.HikariConfig | allowPoolSuspension.............false
2026-06-14 21:13:32.920 | DEBUG |  | com.zaxxer.hikari.HikariConfig | autoCommit......................true
2026-06-14 21:13:32.920 | DEBUG |  | com.zaxxer.hikari.HikariConfig | catalog.........................none
2026-06-14 21:13:32.920 | DEBUG |  | com.zaxxer.hikari.HikariConfig | connectionInitSql...............none
2026-06-14 21:13:32.920 | DEBUG |  | com.zaxxer.hikari.HikariConfig | connectionTestQuery.............none
2026-06-14 21:13:32.920 | DEBUG |  | com.zaxxer.hikari.HikariConfig | connectionTimeout...............30000
2026-06-14 21:13:32.920 | DEBUG |  | com.zaxxer.hikari.HikariConfig | credentials.....................com.zaxxer.hikari.util.Credentials@49491770
2026-06-14 21:13:32.920 | DEBUG |  | com.zaxxer.hikari.HikariConfig | dataSource......................none
2026-06-14 21:13:32.920 | DEBUG |  | com.zaxxer.hikari.HikariConfig | dataSourceClassName.............none
2026-06-14 21:13:32.920 | DEBUG |  | com.zaxxer.hikari.HikariConfig | dataSourceJNDI..................none
2026-06-14 21:13:32.921 | DEBUG |  | com.zaxxer.hikari.HikariConfig | dataSourceProperties............{password=<masked>}
2026-06-14 21:13:32.921 | DEBUG |  | com.zaxxer.hikari.HikariConfig | driverClassName................."org.postgresql.Driver"
2026-06-14 21:13:32.921 | DEBUG |  | com.zaxxer.hikari.HikariConfig | exceptionOverride...............none
2026-06-14 21:13:32.921 | DEBUG |  | com.zaxxer.hikari.HikariConfig | exceptionOverrideClassName......none
2026-06-14 21:13:32.921 | DEBUG |  | com.zaxxer.hikari.HikariConfig | healthCheckProperties...........{}
2026-06-14 21:13:32.921 | DEBUG |  | com.zaxxer.hikari.HikariConfig | healthCheckRegistry.............none
2026-06-14 21:13:32.921 | DEBUG |  | com.zaxxer.hikari.HikariConfig | idleTimeout.....................600000
2026-06-14 21:13:32.921 | DEBUG |  | com.zaxxer.hikari.HikariConfig | initializationFailTimeout.......1
2026-06-14 21:13:32.921 | DEBUG |  | com.zaxxer.hikari.HikariConfig | isolateInternalQueries..........false
2026-06-14 21:13:32.921 | DEBUG |  | com.zaxxer.hikari.HikariConfig | jdbcUrl.........................jdbc:postgresql://localhost:5432/expense_tracker
2026-06-14 21:13:32.921 | DEBUG |  | com.zaxxer.hikari.HikariConfig | keepaliveTime...................120000
2026-06-14 21:13:32.921 | DEBUG |  | com.zaxxer.hikari.HikariConfig | leakDetectionThreshold..........0
2026-06-14 21:13:32.921 | DEBUG |  | com.zaxxer.hikari.HikariConfig | maxLifetime.....................1800000
2026-06-14 21:13:32.922 | DEBUG |  | com.zaxxer.hikari.HikariConfig | maximumPoolSize.................10
2026-06-14 21:13:32.922 | DEBUG |  | com.zaxxer.hikari.HikariConfig | metricRegistry..................none
2026-06-14 21:13:32.922 | DEBUG |  | com.zaxxer.hikari.HikariConfig | metricsTrackerFactory...........none
2026-06-14 21:13:32.922 | DEBUG |  | com.zaxxer.hikari.HikariConfig | minimumIdle.....................10
2026-06-14 21:13:32.922 | DEBUG |  | com.zaxxer.hikari.HikariConfig | password........................<masked>
2026-06-14 21:13:32.922 | DEBUG |  | com.zaxxer.hikari.HikariConfig | poolName........................"HikariPool-1"
2026-06-14 21:13:32.922 | DEBUG |  | com.zaxxer.hikari.HikariConfig | readOnly........................false
2026-06-14 21:13:32.922 | DEBUG |  | com.zaxxer.hikari.HikariConfig | registerMbeans..................false
2026-06-14 21:13:32.922 | DEBUG |  | com.zaxxer.hikari.HikariConfig | scheduledExecutor...............none
2026-06-14 21:13:32.922 | DEBUG |  | com.zaxxer.hikari.HikariConfig | schema..........................none
2026-06-14 21:13:32.922 | DEBUG |  | com.zaxxer.hikari.HikariConfig | threadFactory...................internal
2026-06-14 21:13:32.922 | DEBUG |  | com.zaxxer.hikari.HikariConfig | transactionIsolation............default
2026-06-14 21:13:32.922 | DEBUG |  | com.zaxxer.hikari.HikariConfig | username........................"postgres"
2026-06-14 21:13:32.922 | DEBUG |  | com.zaxxer.hikari.HikariConfig | validationTimeout...............5000
2026-06-14 21:13:32.923 | INFO  |  | com.zaxxer.hikari.HikariDataSource | HikariPool-1 - Starting...
2026-06-14 21:13:32.929 | DEBUG |  | com.zaxxer.hikari.pool.PoolBase | HikariPool-1 - Attempting to create/setup new connection (f2e0d757-06b5-498d-8c06-91f0b4c07736)
2026-06-14 21:13:33.033 | DEBUG |  | com.zaxxer.hikari.pool.PoolBase | HikariPool-1 - Established new connection (f2e0d757-06b5-498d-8c06-91f0b4c07736)
2026-06-14 21:13:33.034 | INFO  |  | com.zaxxer.hikari.pool.HikariPool | HikariPool-1 - Added connection org.postgresql.jdbc.PgConnection@38de5daf
2026-06-14 21:13:33.034 | INFO  |  | com.zaxxer.hikari.HikariDataSource | HikariPool-1 - Start completed.
2026-06-14 21:13:33.050 | DEBUG |  | o.f.c.i.d.DatabaseTypeRegister | Multiple databases found that handle url 'jdbc:postgresql://localhost:5432/expense_tracker': CockroachDB,PostgreSQL
2026-06-14 21:13:33.051 | INFO  |  | org.flywaydb.core.FlywayExecutor | Database: jdbc:postgresql://localhost:5432/expense_tracker (PostgreSQL 16.11)
2026-06-14 21:13:33.051 | DEBUG |  | org.flywaydb.core.FlywayExecutor | Database Type: PostgreSQL
2026-06-14 21:13:33.051 | DEBUG |  | org.flywaydb.core.FlywayExecutor | Driver: PostgreSQL JDBC Driver 42.7.7
2026-06-14 21:13:33.051 | DEBUG |  | org.flywaydb.core.FlywayExecutor | DDL Transactions Supported: true
2026-06-14 21:13:33.052 | DEBUG |  | o.f.c.i.s.SchemaHistoryFactory | Schemas: 
2026-06-14 21:13:33.052 | DEBUG |  | o.f.c.i.s.SchemaHistoryFactory | Default schema: null
2026-06-14 21:13:33.062 | DEBUG |  | org.flywaydb.core.FlywayExecutor | Scanning for script callbacks ...
2026-06-14 21:13:33.063 | DEBUG |  | o.f.c.i.c.SqlScriptCallbackFactory | Scanning for SQL callbacks ...
2026-06-14 21:13:33.066 | DEBUG |  | o.f.core.internal.command.DbValidate | Validating migrations ...
2026-06-14 21:13:33.067 | DEBUG |  | o.f.c.a.c.ClassicConfiguration | CherryPickConfigurationExtension not found
2026-06-14 21:13:33.076 | INFO  |  | o.f.core.internal.command.DbValidate | Successfully validated 1 migration (execution time 00:00.009s)
2026-06-14 21:13:33.078 | DEBUG |  | o.f.core.internal.command.DbSchemas | Skipping creation of existing schema: "public"
2026-06-14 21:13:33.079 | DEBUG |  | com.zaxxer.hikari.pool.PoolBase | HikariPool-1 - Attempting to create/setup new connection (dcea1fed-9ee5-4ae6-a0af-ec970b637c2d)
2026-06-14 21:13:33.090 | DEBUG |  | com.zaxxer.hikari.pool.PoolBase | HikariPool-1 - Established new connection (dcea1fed-9ee5-4ae6-a0af-ec970b637c2d)
2026-06-14 21:13:33.090 | DEBUG |  | com.zaxxer.hikari.pool.HikariPool | HikariPool-1 - Added connection org.postgresql.jdbc.PgConnection@38647fed
2026-06-14 21:13:33.092 | DEBUG |  | o.f.c.a.c.ClassicConfiguration | CherryPickConfigurationExtension not found
2026-06-14 21:13:33.094 | INFO  |  | o.f.core.internal.command.DbMigrate | Current version of schema "public": 1
2026-06-14 21:13:33.097 | INFO  |  | o.f.core.internal.command.DbMigrate | Schema "public" is up to date. No migration necessary.
2026-06-14 21:13:33.102 | DEBUG |  | org.flywaydb.core.FlywayExecutor | Memory usage: 40 of 66M
2026-06-14 21:13:33.139 | DEBUG |  | com.zaxxer.hikari.pool.HikariPool | HikariPool-1 - Pool stats (total=2/10, idle=2/10, active=0, waiting=0)
2026-06-14 21:13:33.140 | DEBUG |  | com.zaxxer.hikari.pool.PoolBase | HikariPool-1 - Attempting to create/setup new connection (06ea7b45-779c-40f8-bf13-9c18de888506)
2026-06-14 21:13:33.151 | DEBUG |  | com.zaxxer.hikari.pool.PoolBase | HikariPool-1 - Established new connection (06ea7b45-779c-40f8-bf13-9c18de888506)
2026-06-14 21:13:33.152 | DEBUG |  | com.zaxxer.hikari.pool.HikariPool | HikariPool-1 - Added connection org.postgresql.jdbc.PgConnection@329c149d
2026-06-14 21:13:33.188 | DEBUG |  | com.zaxxer.hikari.pool.HikariPool | HikariPool-1 - After adding stats (total=3/10, idle=3/10, active=0, waiting=0)
2026-06-14 21:13:33.188 | DEBUG |  | com.zaxxer.hikari.pool.PoolBase | HikariPool-1 - Attempting to create/setup new connection (85fb200b-5acc-4981-9680-d17911d7d73f)
2026-06-14 21:13:33.208 | DEBUG |  | com.zaxxer.hikari.pool.PoolBase | HikariPool-1 - Established new connection (85fb200b-5acc-4981-9680-d17911d7d73f)
2026-06-14 21:13:33.208 | DEBUG |  | com.zaxxer.hikari.pool.HikariPool | HikariPool-1 - Added connection org.postgresql.jdbc.PgConnection@779e9caa
2026-06-14 21:13:33.248 | DEBUG |  | com.zaxxer.hikari.pool.HikariPool | HikariPool-1 - After adding stats (total=4/10, idle=4/10, active=0, waiting=0)
2026-06-14 21:13:33.248 | DEBUG |  | com.zaxxer.hikari.pool.PoolBase | HikariPool-1 - Attempting to create/setup new connection (a75e69c2-99be-49d5-be8e-0cfa8d68aeef)
2026-06-14 21:13:33.267 | DEBUG |  | com.zaxxer.hikari.pool.PoolBase | HikariPool-1 - Established new connection (a75e69c2-99be-49d5-be8e-0cfa8d68aeef)
2026-06-14 21:13:33.267 | DEBUG |  | com.zaxxer.hikari.pool.HikariPool | HikariPool-1 - Added connection org.postgresql.jdbc.PgConnection@6c9e1ea3
2026-06-14 21:13:33.301 | DEBUG |  | com.zaxxer.hikari.pool.HikariPool | HikariPool-1 - After adding stats (total=5/10, idle=5/10, active=0, waiting=0)
2026-06-14 21:13:33.302 | DEBUG |  | com.zaxxer.hikari.pool.PoolBase | HikariPool-1 - Attempting to create/setup new connection (0b62e1d6-b214-4763-bb21-8130c8184a49)
2026-06-14 21:13:33.322 | DEBUG |  | com.zaxxer.hikari.pool.PoolBase | HikariPool-1 - Established new connection (0b62e1d6-b214-4763-bb21-8130c8184a49)
2026-06-14 21:13:33.322 | DEBUG |  | com.zaxxer.hikari.pool.HikariPool | HikariPool-1 - Added connection org.postgresql.jdbc.PgConnection@46a30abf
2026-06-14 21:13:33.349 | INFO  |  | o.s.o.j.p.SpringPersistenceUnitInfo | No LoadTimeWeaver setup: ignoring JPA class transformer
2026-06-14 21:13:33.356 | DEBUG |  | com.zaxxer.hikari.pool.HikariPool | HikariPool-1 - After adding stats (total=6/10, idle=6/10, active=0, waiting=0)
2026-06-14 21:13:33.356 | DEBUG |  | com.zaxxer.hikari.pool.PoolBase | HikariPool-1 - Attempting to create/setup new connection (2b26bd72-b7e3-44b2-b99d-fe10b690f366)
2026-06-14 21:13:33.376 | DEBUG |  | com.zaxxer.hikari.pool.PoolBase | HikariPool-1 - Established new connection (2b26bd72-b7e3-44b2-b99d-fe10b690f366)
2026-06-14 21:13:33.376 | DEBUG |  | com.zaxxer.hikari.pool.HikariPool | HikariPool-1 - Added connection org.postgresql.jdbc.PgConnection@1449d60a
2026-06-14 21:13:33.377 | WARN  |  | org.hibernate.orm.deprecation | HHH90000025: PostgreSQLDialect does not need to be specified explicitly using 'hibernate.dialect' (remove the property setting and it will be selected by default)
2026-06-14 21:13:33.407 | DEBUG |  | com.zaxxer.hikari.pool.HikariPool | HikariPool-1 - After adding stats (total=7/10, idle=7/10, active=0, waiting=0)
2026-06-14 21:13:33.407 | DEBUG |  | com.zaxxer.hikari.pool.PoolBase | HikariPool-1 - Attempting to create/setup new connection (2978bc26-aaab-466c-b9ba-84043d693533)
2026-06-14 21:13:33.427 | DEBUG |  | com.zaxxer.hikari.pool.PoolBase | HikariPool-1 - Established new connection (2978bc26-aaab-466c-b9ba-84043d693533)
2026-06-14 21:13:33.427 | DEBUG |  | com.zaxxer.hikari.pool.HikariPool | HikariPool-1 - Added connection org.postgresql.jdbc.PgConnection@17b163e5
2026-06-14 21:13:33.459 | DEBUG |  | com.zaxxer.hikari.pool.HikariPool | HikariPool-1 - After adding stats (total=8/10, idle=8/10, active=0, waiting=0)
2026-06-14 21:13:33.460 | DEBUG |  | com.zaxxer.hikari.pool.PoolBase | HikariPool-1 - Attempting to create/setup new connection (e66d7203-f228-426b-9340-4f69a5e82b96)
2026-06-14 21:13:33.480 | DEBUG |  | com.zaxxer.hikari.pool.PoolBase | HikariPool-1 - Established new connection (e66d7203-f228-426b-9340-4f69a5e82b96)
2026-06-14 21:13:33.481 | DEBUG |  | com.zaxxer.hikari.pool.HikariPool | HikariPool-1 - Added connection org.postgresql.jdbc.PgConnection@bc61cb6
2026-06-14 21:13:33.516 | DEBUG |  | com.zaxxer.hikari.pool.HikariPool | HikariPool-1 - After adding stats (total=9/10, idle=9/10, active=0, waiting=0)
2026-06-14 21:13:33.516 | DEBUG |  | com.zaxxer.hikari.pool.PoolBase | HikariPool-1 - Attempting to create/setup new connection (ce4a1dcc-0882-4b04-b5ec-74e3ae24b941)
2026-06-14 21:13:33.548 | DEBUG |  | com.zaxxer.hikari.pool.PoolBase | HikariPool-1 - Established new connection (ce4a1dcc-0882-4b04-b5ec-74e3ae24b941)
2026-06-14 21:13:33.548 | DEBUG |  | com.zaxxer.hikari.pool.HikariPool | HikariPool-1 - Added connection org.postgresql.jdbc.PgConnection@55ee0983
2026-06-14 21:13:33.561 | INFO  |  | o.s.o.j.LocalContainerEntityManagerFactoryBean | Initialized JPA EntityManagerFactory for persistence unit 'default'
2026-06-14 21:13:33.579 | DEBUG |  | com.zaxxer.hikari.pool.HikariPool | HikariPool-1 - After adding stats (total=10/10, idle=10/10, active=0, waiting=0)
2026-06-14 21:13:33.707 | DEBUG |  | _.s.w.s.HandlerMapping.Mappings | 
	o.s.b.a.w.s.e.BasicErrorController:
	{ [/error]}: error(HttpServletRequest)
	{ [/error], produces [text/html]}: errorHtml(HttpServletRequest,HttpServletResponse)
2026-06-14 21:13:33.711 | DEBUG |  | _.s.w.s.HandlerMapping.Mappings | 
	o.s.w.a.OpenApiWebMvcResource:
	{GET [/v1/api-docs], produces [application/json]}: openapiJson(HttpServletRequest,String,Locale)
	{GET [/v1/api-docs.yaml], produces [application/vnd.oai.openapi]}: openapiYaml(HttpServletRequest,String,Locale)
2026-06-14 21:13:33.712 | DEBUG |  | _.s.w.s.HandlerMapping.Mappings | 
	o.s.w.u.SwaggerWelcomeWebMvc:
	{GET [/swagger-ui.html]}: redirectToUi(HttpServletRequest)
2026-06-14 21:13:33.712 | DEBUG |  | _.s.w.s.HandlerMapping.Mappings | 
	o.s.w.u.SwaggerConfigResource:
	{GET [/v1/api-docs/swagger-config], produces [application/json]}: openapiJson(HttpServletRequest)
2026-06-14 21:13:33.717 | DEBUG |  | _.s.w.s.HandlerMapping.Mappings | 'beanNameHandlerMapping' {}
2026-06-14 21:13:33.756 | DEBUG |  | _.s.w.s.HandlerMapping.Mappings | 'resourceHandlerMapping' {/swagger-ui*/*swagger-initializer.js=ResourceHttpRequestHandler [classpath [META-INF/resources/webjars/]], /swagger-ui*/**=ResourceHttpRequestHandler [classpath [META-INF/resources/webjars/]]}
2026-06-14 21:13:33.960 | WARN  |  | o.s.b.a.s.s.UserDetailsServiceAutoConfiguration | 

Using generated security password: cabaf4eb-23b2-4845-8cee-31408a7a689a

This generated password is for development use only. Your security configuration must be updated before running your application in production.

2026-06-14 21:13:33.962 | INFO  |  | o.s.s.c.a.a.c.InitializeUserDetailsBeanManagerConfigurer$InitializeUserDetailsManagerConfigurer | Global AuthenticationManager configured with UserDetailsService bean with name inMemoryUserDetailsManager
2026-06-14 21:13:34.021 | INFO  |  | c.a.AiExpenseTrackerApplicationTests | Started AiExpenseTrackerApplicationTests in 1.972 seconds (process running for 2.383)
]]></system-out>
    <system-err><![CDATA[21:13:32,211 |-WARN in ch.qos.logback.core.model.processor.AppenderModelHandler - Appender named [FILE] not referenced. Skipping further processing.
Mockito is currently self-attaching to enable the inline-mock-maker. This will no longer work in future releases of the JDK. Please add Mockito as an agent to your build as described in Mockito's documentation: https://javadoc.io/doc/org.mockito/mockito-core/latest/org.mockito/org/mockito/Mockito.html#0.3
WARNING: A Java agent has been loaded dynamically (/Users/ajaysingh/.m2/repository/net/bytebuddy/byte-buddy-agent/1.17.6/byte-buddy-agent-1.17.6.jar)
WARNING: If a serviceability tool is in use, please run with -XX:+EnableDynamicAgentLoading to hide this warning
WARNING: If a serviceability tool is not in use, please run with -Djdk.instrument.traceUsage for more information
WARNING: Dynamic loading of agents will be disallowed by default in a future release
]]></system-err>
  </testcase>
</testsuite>