<?xml version="1.0" encoding="UTF-8"?>
<testsuite xmlns:xsi="http://www.w3.org/2001/XMLSchema-instance" xsi:noNamespaceSchemaLocation="https://maven.apache.org/surefire/maven-surefire-plugin/xsd/surefire-test-report.xsd" version="3.0.2" name="com.aiexpensetracker.AiExpenseTrackerApplicationTests" time="2.442" tests="1" errors="0" skipped="0" failures="0">
  <properties>
[...]
</properties>
  <testcase name="contextLoads" classname="com.aiexpensetracker.AiExpenseTrackerApplicationTests" time="0.265">
    <system-out><![CDATA[01:40:39.641 [main] INFO org.springframework.test.context.support.AnnotationConfigContextLoaderUtils -- Could not detect default configuration classes for test class [com.aiexpensetracker.AiExpenseTrackerApplicationTests]: AiExpenseTrackerApplicationTests does not declare any static, non-private, non-final, nested classes annotated with @Configuration.
01:40:39.693 [main] INFO org.springframework.boot.test.context.SpringBootTestContextBootstrapper -- Found @SpringBootConfiguration com.aiexpensetracker.AiExpenseTrackerApplication for test class com.aiexpensetracker.AiExpenseTrackerApplicationTests
01:40:39.757 [main] INFO org.springframework.boot.devtools.restart.RestartApplicationListener -- Restart disabled due to context in which it is running

  .   ____          _            __ _ _
 /\\ / ___'_ __ _ _(_)_ __  __ _ \ \ \ \
( ( )\___ | '_ | '_| | '_ \/ _` | \ \ \ \
 \\/  ___)| |_)| | | | | || (_| |  ) ) ) )
  '  |____| .__|_| |_|_| |_\__, | / / / /
 =========|_|==============|___/=/_/_/_/

 :: Spring Boot ::                (v3.5.4)

2026-06-24 01:40:39.926 | DEBUG |  | org.jboss.logging | Logging Provider: org.jboss.logging.Slf4jLoggerProvider found via system property
2026-06-24 01:40:39.936 | INFO  |  | c.a.AiExpenseTrackerApplicationTests | Starting AiExpenseTrackerApplicationTests using Java 21.0.3 with PID 10548 (started by ajaysingh in /Users/ajaysingh/Developer/ai-expense-tracker)
2026-06-24 01:40:39.936 | DEBUG |  | c.a.AiExpenseTrackerApplicationTests | Running with Spring Boot v3.5.4, Spring v6.2.9
2026-06-24 01:40:39.936 | INFO  |  | c.a.AiExpenseTrackerApplicationTests | The following 1 profile is active: "dev"
2026-06-24 01:40:40.288 | INFO  |  | o.s.d.r.c.RepositoryConfigurationDelegate | Bootstrapping Spring Data JPA repositories in DEFAULT mode.
2026-06-24 01:40:40.314 | INFO  |  | o.s.d.r.c.RepositoryConfigurationDelegate | Finished Spring Data repository scanning in 17 ms. Found 2 JPA repository interfaces.
2026-06-24 01:40:40.487 | DEBUG |  | com.zaxxer.hikari.HikariConfig | Class org.postgresql.Driver found in Thread context class loader jdk.internal.loader.ClassLoaders$AppClassLoader@1cf4f579
2026-06-24 01:40:40.543 | DEBUG |  | o.f.c.i.s.classpath.ClassPathScanner | Scanning for classpath resources at 'classpath:db/callback' ...
2026-06-24 01:40:40.543 | DEBUG |  | o.f.c.i.s.classpath.ClassPathScanner | Determining location urls for classpath:db/callback using ClassLoader jdk.internal.loader.ClassLoaders$AppClassLoader@1cf4f579 ...
2026-06-24 01:40:40.543 | DEBUG |  | o.f.c.i.s.classpath.ClassPathScanner | Unable to resolve location classpath:db/callback.
2026-06-24 01:40:40.543 | DEBUG |  | o.f.c.i.s.classpath.ClassPathScanner | Scanning for classpath resources at 'classpath:db/migration' ...
2026-06-24 01:40:40.543 | DEBUG |  | o.f.c.i.s.classpath.ClassPathScanner | Determining location urls for classpath:db/migration using ClassLoader jdk.internal.loader.ClassLoaders$AppClassLoader@1cf4f579 ...
2026-06-24 01:40:40.543 | DEBUG |  | o.f.c.i.s.classpath.ClassPathScanner | Scanning URL: file:/Users/ajaysingh/Developer/ai-expense-tracker/target/classes/db/migration
2026-06-24 01:40:40.543 | DEBUG |  | o.f.c.i.s.c.FileSystemClassPathLocationScanner | Scanning starting at classpath root in filesystem: /Users/ajaysingh/Developer/ai-expense-tracker/target/classes/
2026-06-24 01:40:40.543 | DEBUG |  | o.f.c.i.s.c.FileSystemClassPathLocationScanner | Scanning for resources in path: /Users/ajaysingh/Developer/ai-expense-tracker/target/classes/db/migration (db/migration)
2026-06-24 01:40:40.544 | DEBUG |  | o.f.c.i.s.classpath.ClassPathScanner | Found resource: db/migration/V1__CREATE_USERS_TABLE.sql
2026-06-24 01:40:40.544 | DEBUG |  | o.f.c.i.s.classpath.ClassPathScanner | Scanning for classes at classpath:db/migration
2026-06-24 01:40:40.545 | DEBUG |  | com.zaxxer.hikari.HikariConfig | HikariPool-1 - configuration:
2026-06-24 01:40:40.546 | DEBUG |  | com.zaxxer.hikari.HikariConfig | allowPoolSuspension.............false
2026-06-24 01:40:40.546 | DEBUG |  | com.zaxxer.hikari.HikariConfig | autoCommit......................true
2026-06-24 01:40:40.546 | DEBUG |  | com.zaxxer.hikari.HikariConfig | catalog.........................none
2026-06-24 01:40:40.546 | DEBUG |  | com.zaxxer.hikari.HikariConfig | connectionInitSql...............none
2026-06-24 01:40:40.546 | DEBUG |  | com.zaxxer.hikari.HikariConfig | connectionTestQuery.............none
2026-06-24 01:40:40.546 | DEBUG |  | com.zaxxer.hikari.HikariConfig | connectionTimeout...............30000
2026-06-24 01:40:40.546 | DEBUG |  | com.zaxxer.hikari.HikariConfig | credentials.....................com.zaxxer.hikari.util.Credentials@22da200e
2026-06-24 01:40:40.547 | DEBUG |  | com.zaxxer.hikari.HikariConfig | dataSource......................none
2026-06-24 01:40:40.547 | DEBUG |  | com.zaxxer.hikari.HikariConfig | dataSourceClassName.............none
2026-06-24 01:40:40.547 | DEBUG |  | com.zaxxer.hikari.HikariConfig | dataSourceJNDI..................none
2026-06-24 01:40:40.547 | DEBUG |  | com.zaxxer.hikari.HikariConfig | dataSourceProperties............{password=<masked>}
2026-06-24 01:40:40.547 | DEBUG |  | com.zaxxer.hikari.HikariConfig | driverClassName................."org.postgresql.Driver"
2026-06-24 01:40:40.547 | DEBUG |  | com.zaxxer.hikari.HikariConfig | exceptionOverride...............none
2026-06-24 01:40:40.547 | DEBUG |  | com.zaxxer.hikari.HikariConfig | exceptionOverrideClassName......none
2026-06-24 01:40:40.547 | DEBUG |  | com.zaxxer.hikari.HikariConfig | healthCheckProperties...........{}
2026-06-24 01:40:40.547 | DEBUG |  | com.zaxxer.hikari.HikariConfig | healthCheckRegistry.............none
2026-06-24 01:40:40.547 | DEBUG |  | com.zaxxer.hikari.HikariConfig | idleTimeout.....................600000
2026-06-24 01:40:40.547 | DEBUG |  | com.zaxxer.hikari.HikariConfig | initializationFailTimeout.......1
2026-06-24 01:40:40.547 | DEBUG |  | com.zaxxer.hikari.HikariConfig | isolateInternalQueries..........false
2026-06-24 01:40:40.547 | DEBUG |  | com.zaxxer.hikari.HikariConfig | jdbcUrl.........................jdbc:postgresql://localhost:5432/expense_tracker
2026-06-24 01:40:40.548 | DEBUG |  | com.zaxxer.hikari.HikariConfig | keepaliveTime...................120000
2026-06-24 01:40:40.548 | DEBUG |  | com.zaxxer.hikari.HikariConfig | leakDetectionThreshold..........0
2026-06-24 01:40:40.548 | DEBUG |  | com.zaxxer.hikari.HikariConfig | maxLifetime.....................1800000
2026-06-24 01:40:40.548 | DEBUG |  | com.zaxxer.hikari.HikariConfig | maximumPoolSize.................10
2026-06-24 01:40:40.548 | DEBUG |  | com.zaxxer.hikari.HikariConfig | metricRegistry..................none
2026-06-24 01:40:40.548 | DEBUG |  | com.zaxxer.hikari.HikariConfig | metricsTrackerFactory...........none
2026-06-24 01:40:40.548 | DEBUG |  | com.zaxxer.hikari.HikariConfig | minimumIdle.....................10
2026-06-24 01:40:40.548 | DEBUG |  | com.zaxxer.hikari.HikariConfig | password........................<masked>
2026-06-24 01:40:40.548 | DEBUG |  | com.zaxxer.hikari.HikariConfig | poolName........................"HikariPool-1"
2026-06-24 01:40:40.548 | DEBUG |  | com.zaxxer.hikari.HikariConfig | readOnly........................false
2026-06-24 01:40:40.548 | DEBUG |  | com.zaxxer.hikari.HikariConfig | registerMbeans..................false
2026-06-24 01:40:40.548 | DEBUG |  | com.zaxxer.hikari.HikariConfig | scheduledExecutor...............none
2026-06-24 01:40:40.548 | DEBUG |  | com.zaxxer.hikari.HikariConfig | schema..........................none
2026-06-24 01:40:40.548 | DEBUG |  | com.zaxxer.hikari.HikariConfig | threadFactory...................internal
2026-06-24 01:40:40.548 | DEBUG |  | com.zaxxer.hikari.HikariConfig | transactionIsolation............default
2026-06-24 01:40:40.548 | DEBUG |  | com.zaxxer.hikari.HikariConfig | username........................"postgres"
2026-06-24 01:40:40.548 | DEBUG |  | com.zaxxer.hikari.HikariConfig | validationTimeout...............5000
2026-06-24 01:40:40.549 | INFO  |  | com.zaxxer.hikari.HikariDataSource | HikariPool-1 - Starting...
2026-06-24 01:40:40.554 | DEBUG |  | com.zaxxer.hikari.pool.PoolBase | HikariPool-1 - Attempting to create/setup new connection (6ab324f5-2df1-4d18-a988-d87c7900e994)
2026-06-24 01:40:40.626 | DEBUG |  | com.zaxxer.hikari.pool.PoolBase | HikariPool-1 - Established new connection (6ab324f5-2df1-4d18-a988-d87c7900e994)
2026-06-24 01:40:40.626 | INFO  |  | com.zaxxer.hikari.pool.HikariPool | HikariPool-1 - Added connection org.postgresql.jdbc.PgConnection@6dded900
2026-06-24 01:40:40.627 | INFO  |  | com.zaxxer.hikari.HikariDataSource | HikariPool-1 - Start completed.
2026-06-24 01:40:40.637 | DEBUG |  | o.f.c.i.r.ResourceNameValidator | Validating V1__CREATE_USERS_TABLE.sql
2026-06-24 01:40:40.639 | DEBUG |  | o.f.c.i.d.DatabaseTypeRegister | Multiple databases found that handle url 'jdbc:postgresql://localhost:5432/expense_tracker': CockroachDB,PostgreSQL
2026-06-24 01:40:40.639 | INFO  |  | org.flywaydb.core.FlywayExecutor | Database: jdbc:postgresql://localhost:5432/expense_tracker (PostgreSQL 16.11)
2026-06-24 01:40:40.639 | DEBUG |  | org.flywaydb.core.FlywayExecutor | Database Type: PostgreSQL
2026-06-24 01:40:40.639 | DEBUG |  | org.flywaydb.core.FlywayExecutor | Driver: PostgreSQL JDBC Driver 42.7.7
2026-06-24 01:40:40.639 | DEBUG |  | org.flywaydb.core.FlywayExecutor | DDL Transactions Supported: true
2026-06-24 01:40:40.640 | DEBUG |  | o.f.c.i.s.SchemaHistoryFactory | Schemas: 
2026-06-24 01:40:40.640 | DEBUG |  | o.f.c.i.s.SchemaHistoryFactory | Default schema: null
2026-06-24 01:40:40.645 | DEBUG |  | org.flywaydb.core.FlywayExecutor | Scanning for script callbacks ...
2026-06-24 01:40:40.646 | DEBUG |  | o.f.c.i.c.SqlScriptCallbackFactory | Scanning for SQL callbacks ...
2026-06-24 01:40:40.650 | DEBUG |  | o.f.core.internal.command.DbValidate | Validating migrations ...
2026-06-24 01:40:40.651 | DEBUG |  | o.f.c.a.c.ClassicConfiguration | CherryPickConfigurationExtension not found
2026-06-24 01:40:40.654 | DEBUG |  | o.f.core.internal.scanner.Scanner | Filtering out resource: db/migration/V1__CREATE_USERS_TABLE.sql (filename: V1__CREATE_USERS_TABLE.sql)
2026-06-24 01:40:40.654 | DEBUG |  | o.f.core.internal.scanner.Scanner | Filtering out resource: db/migration/V1__CREATE_USERS_TABLE.sql (filename: V1__CREATE_USERS_TABLE.sql)
2026-06-24 01:40:40.654 | DEBUG |  | o.f.core.internal.scanner.Scanner | Filtering out resource: db/migration/V1__CREATE_USERS_TABLE.sql (filename: V1__CREATE_USERS_TABLE.sql)
2026-06-24 01:40:40.654 | DEBUG |  | o.f.core.internal.scanner.Scanner | Filtering out resource: db/migration/V1__CREATE_USERS_TABLE.sql (filename: V1__CREATE_USERS_TABLE.sql)
2026-06-24 01:40:40.662 | INFO  |  | o.f.core.internal.command.DbValidate | Successfully validated 1 migration (execution time 00:00.011s)
2026-06-24 01:40:40.663 | DEBUG |  | o.f.core.internal.command.DbSchemas | Skipping creation of existing schema: "public"
2026-06-24 01:40:40.664 | DEBUG |  | com.zaxxer.hikari.pool.PoolBase | HikariPool-1 - Attempting to create/setup new connection (bf0888d5-0b46-4d64-9771-797934990bfd)
2026-06-24 01:40:40.689 | DEBUG |  | com.zaxxer.hikari.pool.PoolBase | HikariPool-1 - Established new connection (bf0888d5-0b46-4d64-9771-797934990bfd)
2026-06-24 01:40:40.690 | DEBUG |  | com.zaxxer.hikari.pool.HikariPool | HikariPool-1 - Added connection org.postgresql.jdbc.PgConnection@5ccbe55b
2026-06-24 01:40:40.692 | DEBUG |  | o.f.c.a.c.ClassicConfiguration | CherryPickConfigurationExtension not found
2026-06-24 01:40:40.693 | INFO  |  | o.f.core.internal.command.DbMigrate | Current version of schema "public": 1
2026-06-24 01:40:40.694 | INFO  |  | o.f.core.internal.command.DbMigrate | Schema "public" is up to date. No migration necessary.
2026-06-24 01:40:40.699 | DEBUG |  | org.flywaydb.core.FlywayExecutor | Memory usage: 50 of 69M
2026-06-24 01:40:40.731 | DEBUG |  | com.zaxxer.hikari.pool.HikariPool | HikariPool-1 - Pool stats (total=2/10, idle=2/10, active=0, waiting=0)
2026-06-24 01:40:40.731 | DEBUG |  | com.zaxxer.hikari.pool.PoolBase | HikariPool-1 - Attempting to create/setup new connection (634fdc2d-5682-42ac-99a4-8e201f3e8317)
2026-06-24 01:40:40.754 | DEBUG |  | com.zaxxer.hikari.pool.PoolBase | HikariPool-1 - Established new connection (634fdc2d-5682-42ac-99a4-8e201f3e8317)
2026-06-24 01:40:40.755 | DEBUG |  | com.zaxxer.hikari.pool.HikariPool | HikariPool-1 - Added connection org.postgresql.jdbc.PgConnection@56338e2b
2026-06-24 01:40:40.787 | DEBUG |  | com.zaxxer.hikari.pool.HikariPool | HikariPool-1 - After adding stats (total=3/10, idle=3/10, active=0, waiting=0)
2026-06-24 01:40:40.787 | DEBUG |  | com.zaxxer.hikari.pool.PoolBase | HikariPool-1 - Attempting to create/setup new connection (7f6209f2-8f77-4d72-a6f6-db2fdd54eb20)
2026-06-24 01:40:40.808 | DEBUG |  | com.zaxxer.hikari.pool.PoolBase | HikariPool-1 - Established new connection (7f6209f2-8f77-4d72-a6f6-db2fdd54eb20)
2026-06-24 01:40:40.808 | DEBUG |  | com.zaxxer.hikari.pool.HikariPool | HikariPool-1 - Added connection org.postgresql.jdbc.PgConnection@13310a89
2026-06-24 01:40:40.839 | DEBUG |  | com.zaxxer.hikari.pool.HikariPool | HikariPool-1 - After adding stats (total=4/10, idle=4/10, active=0, waiting=0)
2026-06-24 01:40:40.839 | DEBUG |  | com.zaxxer.hikari.pool.PoolBase | HikariPool-1 - Attempting to create/setup new connection (12c387ee-51ff-4230-a8f5-e96b35e2e3bb)
2026-06-24 01:40:40.860 | DEBUG |  | com.zaxxer.hikari.pool.PoolBase | HikariPool-1 - Established new connection (12c387ee-51ff-4230-a8f5-e96b35e2e3bb)
2026-06-24 01:40:40.860 | DEBUG |  | com.zaxxer.hikari.pool.HikariPool | HikariPool-1 - Added connection org.postgresql.jdbc.PgConnection@1053d489
2026-06-24 01:40:40.894 | DEBUG |  | com.zaxxer.hikari.pool.HikariPool | HikariPool-1 - After adding stats (total=5/10, idle=5/10, active=0, waiting=0)
2026-06-24 01:40:40.894 | DEBUG |  | com.zaxxer.hikari.pool.PoolBase | HikariPool-1 - Attempting to create/setup new connection (b005996a-915c-48ac-b5e8-1b8356e8dea3)
2026-06-24 01:40:40.903 | INFO  |  | o.s.o.j.p.SpringPersistenceUnitInfo | No LoadTimeWeaver setup: ignoring JPA class transformer
2026-06-24 01:40:40.924 | DEBUG |  | com.zaxxer.hikari.pool.PoolBase | HikariPool-1 - Established new connection (b005996a-915c-48ac-b5e8-1b8356e8dea3)
2026-06-24 01:40:40.925 | DEBUG |  | com.zaxxer.hikari.pool.HikariPool | HikariPool-1 - Added connection org.postgresql.jdbc.PgConnection@22685fa1
2026-06-24 01:40:40.930 | WARN  |  | org.hibernate.orm.deprecation | HHH90000025: PostgreSQLDialect does not need to be specified explicitly using 'hibernate.dialect' (remove the property setting and it will be selected by default)
2026-06-24 01:40:40.960 | DEBUG |  | com.zaxxer.hikari.pool.HikariPool | HikariPool-1 - After adding stats (total=6/10, idle=6/10, active=0, waiting=0)
2026-06-24 01:40:40.960 | DEBUG |  | com.zaxxer.hikari.pool.PoolBase | HikariPool-1 - Attempting to create/setup new connection (38cc15a5-b323-4f15-9f8d-20f6abb6b36d)
2026-06-24 01:40:40.983 | DEBUG |  | com.zaxxer.hikari.pool.PoolBase | HikariPool-1 - Established new connection (38cc15a5-b323-4f15-9f8d-20f6abb6b36d)
2026-06-24 01:40:40.983 | DEBUG |  | com.zaxxer.hikari.pool.HikariPool | HikariPool-1 - Added connection org.postgresql.jdbc.PgConnection@68e0df11
2026-06-24 01:40:41.017 | DEBUG |  | com.zaxxer.hikari.pool.HikariPool | HikariPool-1 - After adding stats (total=7/10, idle=7/10, active=0, waiting=0)
2026-06-24 01:40:41.017 | DEBUG |  | com.zaxxer.hikari.pool.PoolBase | HikariPool-1 - Attempting to create/setup new connection (4fd0d296-d2fc-4b08-b23d-f528086f3055)
2026-06-24 01:40:41.039 | DEBUG |  | com.zaxxer.hikari.pool.PoolBase | HikariPool-1 - Established new connection (4fd0d296-d2fc-4b08-b23d-f528086f3055)
2026-06-24 01:40:41.039 | DEBUG |  | com.zaxxer.hikari.pool.HikariPool | HikariPool-1 - Added connection org.postgresql.jdbc.PgConnection@731ef5c6
2026-06-24 01:40:41.074 | DEBUG |  | com.zaxxer.hikari.pool.HikariPool | HikariPool-1 - After adding stats (total=8/10, idle=8/10, active=0, waiting=0)
2026-06-24 01:40:41.075 | DEBUG |  | com.zaxxer.hikari.pool.PoolBase | HikariPool-1 - Attempting to create/setup new connection (b0da8c49-9005-42f3-a703-c82d4475a66c)
2026-06-24 01:40:41.095 | DEBUG |  | com.zaxxer.hikari.pool.PoolBase | HikariPool-1 - Established new connection (b0da8c49-9005-42f3-a703-c82d4475a66c)
2026-06-24 01:40:41.095 | DEBUG |  | com.zaxxer.hikari.pool.HikariPool | HikariPool-1 - Added connection org.postgresql.jdbc.PgConnection@7de780b0
2026-06-24 01:40:41.127 | DEBUG |  | com.zaxxer.hikari.pool.HikariPool | HikariPool-1 - After adding stats (total=9/10, idle=9/10, active=0, waiting=0)
2026-06-24 01:40:41.127 | DEBUG |  | com.zaxxer.hikari.pool.PoolBase | HikariPool-1 - Attempting to create/setup new connection (5b3e117f-6a23-4260-a9b3-a89b12fc5be3)
2026-06-24 01:40:41.149 | DEBUG |  | com.zaxxer.hikari.pool.PoolBase | HikariPool-1 - Established new connection (5b3e117f-6a23-4260-a9b3-a89b12fc5be3)
2026-06-24 01:40:41.149 | DEBUG |  | com.zaxxer.hikari.pool.HikariPool | HikariPool-1 - Added connection org.postgresql.jdbc.PgConnection@1d925dfa
2026-06-24 01:40:41.184 | DEBUG |  | com.zaxxer.hikari.pool.HikariPool | HikariPool-1 - After adding stats (total=10/10, idle=10/10, active=0, waiting=0)
2026-06-24 01:40:41.306 | INFO  |  | o.s.o.j.LocalContainerEntityManagerFactoryBean | Initialized JPA EntityManagerFactory for persistence unit 'default'
2026-06-24 01:40:41.455 | INFO  |  | o.s.s.c.a.a.c.InitializeAuthenticationProviderBeanManagerConfigurer$InitializeAuthenticationProviderManagerConfigurer | Global AuthenticationManager configured with AuthenticationProvider bean with name daoAuthenticationProvider
2026-06-24 01:40:41.456 | WARN  |  | o.s.s.c.a.a.c.InitializeUserDetailsBeanManagerConfigurer$InitializeUserDetailsManagerConfigurer | Global AuthenticationManager configured with an AuthenticationProvider bean. UserDetailsService beans will not be used by Spring Security for automatically configuring username/password login. Consider removing the AuthenticationProvider bean. Alternatively, consider using the UserDetailsService in a manually instantiated DaoAuthenticationProvider. If the current configuration is intentional, to turn off this warning, increase the logging level of 'org.springframework.security.config.annotation.authentication.configuration.InitializeUserDetailsBeanManagerConfigurer' to ERROR
2026-06-24 01:40:41.529 | DEBUG |  | _.s.w.s.HandlerMapping.Mappings | 
	c.a.a.c.AuthController:
	{POST [/api/auth/login]}: login(LoginRequest)
	{POST [/api/auth/signup]}: signup(SignupRequest)
2026-06-24 01:40:41.531 | DEBUG |  | _.s.w.s.HandlerMapping.Mappings | 
	o.s.b.a.w.s.e.BasicErrorController:
	{ [/error]}: error(HttpServletRequest)
	{ [/error], produces [text/html]}: errorHtml(HttpServletRequest,HttpServletResponse)
2026-06-24 01:40:41.534 | DEBUG |  | _.s.w.s.HandlerMapping.Mappings | 
	o.s.w.a.OpenApiWebMvcResource:
	{GET [/v3/api-docs], produces [application/json]}: openapiJson(HttpServletRequest,String,Locale)
	{GET [/v3/api-docs.yaml], produces [application/vnd.oai.openapi]}: openapiYaml(HttpServletRequest,String,Locale)
2026-06-24 01:40:41.535 | DEBUG |  | _.s.w.s.HandlerMapping.Mappings | 
	o.s.w.u.SwaggerWelcomeWebMvc:
	{GET [/swagger-ui.html]}: redirectToUi(HttpServletRequest)
2026-06-24 01:40:41.535 | DEBUG |  | _.s.w.s.HandlerMapping.Mappings | 
	o.s.w.u.SwaggerConfigResource:
	{GET [/v3/api-docs/swagger-config], produces [application/json]}: openapiJson(HttpServletRequest)
2026-06-24 01:40:41.538 | DEBUG |  | _.s.w.s.HandlerMapping.Mappings | 'beanNameHandlerMapping' {}
2026-06-24 01:40:41.556 | DEBUG |  | _.s.w.s.HandlerMapping.Mappings | 'resourceHandlerMapping' {/swagger-ui*/*swagger-initializer.js=ResourceHttpRequestHandler [classpath [META-INF/resources/webjars/]], /swagger-ui*/**=ResourceHttpRequestHandler [classpath [META-INF/resources/webjars/]]}
2026-06-24 01:40:41.742 | INFO  |  | c.a.AiExpenseTrackerApplicationTests | Started AiExpenseTrackerApplicationTests in 1.988 seconds (process running for 2.385)
]]></system-out>
    <system-err><![CDATA[01:40:39,910 |-WARN in ch.qos.logback.core.model.processor.AppenderModelHandler - Appender named [FILE] not referenced. Skipping further processing.
Mockito is currently self-attaching to enable the inline-mock-maker. This will no longer work in future releases of the JDK. Please add Mockito as an agent to your build as described in Mockito's documentation: https://javadoc.io/doc/org.mockito/mockito-core/latest/org.mockito/org/mockito/Mockito.html#0.3
WARNING: A Java agent has been loaded dynamically (/Users/ajaysingh/.m2/repository/net/bytebuddy/byte-buddy-agent/1.17.6/byte-buddy-agent-1.17.6.jar)
WARNING: If a serviceability tool is in use, please run with -XX:+EnableDynamicAgentLoading to hide this warning
WARNING: If a serviceability tool is not in use, please run with -Djdk.instrument.traceUsage for more information
WARNING: Dynamic loading of agents will be disallowed by default in a future release
]]></system-err>
  </testcase>
</testsuite>